Copyright 1986-2022 Xilinx, Inc. All Rights Reserved. Copyright 2022-2024 Advanced Micro Devices, Inc. All Rights Reserved.
------------------------------------------------------------------------------------------------------------------------------------------------------------------------------------------------------------
| Tool Version : Vivado v.2024.1 (win64) Build 5076996 Wed May 22 18:37:14 MDT 2024
| Date         : Wed Oct  8 22:08:25 2025
| Host         : LAPTOP-TSMU9UUL running 64-bit major release  (build 9200)
| Command      : report_timing_summary -max_paths 10 -report_unconstrained -file tally_timing_summary_routed.rpt -pb tally_timing_summary_routed.pb -rpx tally_timing_summary_routed.rpx -warn_on_violation
| Design       : tally
| Device       : 7z020-clg484
| Speed File   : -1  PRODUCTION 1.12 2019-11-22
| Design State : Routed
------------------------------------------------------------------------------------------------------------------------------------------------------------------------------------------------------------

Timing Summary Report

------------------------------------------------------------------------------------------------
| Timer Settings
| --------------
------------------------------------------------------------------------------------------------

  Enable Multi Corner Analysis               :  Yes
  Enable Pessimism Removal                   :  Yes
  Pessimism Removal Resolution               :  Nearest Common Node
  Enable Input Delay Default Clock           :  No
  Enable Preset / Clear Arcs                 :  No
  Disable Flight Delays                      :  No
  Ignore I/O Paths                           :  No
  Timing Early Launch at Borrowing Latches   :  No
  Borrow Time for Max Delay Exceptions       :  Yes
  Merge Timing Exceptions                    :  Yes
  Inter-SLR Compensation                     :  Conservative

  Corner  Analyze    Analyze    
  Name    Max Paths  Min Paths  
  ------  ---------  ---------  
  Slow    Yes        Yes        
  Fast    Yes        Yes        


------------------------------------------------------------------------------------------------
| Report Methodology
| ------------------
------------------------------------------------------------------------------------------------

Rule    Severity  Description                                      Violations  
------  --------  -----------------------------------------------  ----------  
XDCC-5  Warning   User Non-Timing constraint/property overwritten  6           

Note: This report is based on the most recent report_methodology run and may not be up-to-date. Run report_methodology on the current design for the latest report.



check_timing report

Table of Contents
-----------------
1. checking no_clock (0)
2. checking constant_clock (0)
3. checking pulse_width_clock (0)
4. checking unconstrained_internal_endpoints (0)
5. checking no_input_delay (0)
6. checking no_output_delay (0)
7. checking multiple_clock (0)
8. checking generated_clocks (0)
9. checking loops (0)
10. checking partial_input_delay (0)
11. checking partial_output_delay (0)
12. checking latch_loops (0)

1. checking no_clock (0)
------------------------
 There are 0 register/latch pins with no clock.


2. checking constant_clock (0)
------------------------------
 There are 0 register/latch pins with constant_clock.


3. checking pulse_width_clock (0)
---------------------------------
 There are 0 register/latch pins which need pulse_width check


4. checking unconstrained_internal_endpoints (0)
------------------------------------------------
 There are 0 pins that are not constrained for maximum delay.

 There are 0 pins that are not constrained for maximum delay due to constant clock.


5. checking no_input_delay (0)
------------------------------
 There are 0 input ports with no input delay specified.

 There are 0 input ports with no input delay but user has a false path constraint.


6. checking no_output_delay (0)
-------------------------------
 There are 0 ports with no output delay specified.

 There are 0 ports with no output delay but user has a false path constraint

 There are 0 ports with no output delay but with a timing clock defined on it or propagating through it


7. checking multiple_clock (0)
------------------------------
 There are 0 register/latch pins with multiple clocks.


8. checking generated_clocks (0)
--------------------------------
 There are 0 generated clocks that are not connected to a clock source.


9. checking loops (0)
---------------------
 There are 0 combinational loops in the design.


10. checking partial_input_delay (0)
------------------------------------
 There are 0 input ports with partial input delay specified.


11. checking partial_output_delay (0)
-------------------------------------
 There are 0 ports with partial output delay specified.


12. checking latch_loops (0)
----------------------------
 There are 0 combinational latch loops in the design through latch input



------------------------------------------------------------------------------------------------
| Design Timing Summary
| ---------------------
------------------------------------------------------------------------------------------------

    WNS(ns)      TNS(ns)  TNS Failing Endpoints  TNS Total Endpoints      WHS(ns)      THS(ns)  THS Failing Endpoints  THS Total Endpoints     WPWS(ns)     TPWS(ns)  TPWS Failing Endpoints  TPWS Total Endpoints  
    -------      -------  ---------------------  -------------------      -------      -------  ---------------------  -------------------     --------     --------  ----------------------  --------------------  
        inf        0.000                      0                    2          inf        0.000                      0                    2           NA           NA                      NA                    NA  


There are no user specified timing constraints.


------------------------------------------------------------------------------------------------
| Clock Summary
| -------------
------------------------------------------------------------------------------------------------


------------------------------------------------------------------------------------------------
| Intra Clock Table
| -----------------
------------------------------------------------------------------------------------------------

Clock             WNS(ns)      TNS(ns)  TNS Failing Endpoints  TNS Total Endpoints      WHS(ns)      THS(ns)  THS Failing Endpoints  THS Total Endpoints     WPWS(ns)     TPWS(ns)  TPWS Failing Endpoints  TPWS Total Endpoints  
-----             -------      -------  ---------------------  -------------------      -------      -------  ---------------------  -------------------     --------     --------  ----------------------  --------------------  


------------------------------------------------------------------------------------------------
| Inter Clock Table
| -----------------
------------------------------------------------------------------------------------------------

From Clock    To Clock          WNS(ns)      TNS(ns)  TNS Failing Endpoints  TNS Total Endpoints      WHS(ns)      THS(ns)  THS Failing Endpoints  THS Total Endpoints  
----------    --------          -------      -------  ---------------------  -------------------      -------      -------  ---------------------  -------------------  


------------------------------------------------------------------------------------------------
| Other Path Groups Table
| -----------------------
------------------------------------------------------------------------------------------------

Path Group    From Clock    To Clock          WNS(ns)      TNS(ns)  TNS Failing Endpoints  TNS Total Endpoints      WHS(ns)      THS(ns)  THS Failing Endpoints  THS Total Endpoints  
----------    ----------    --------          -------      -------  ---------------------  -------------------      -------      -------  ---------------------  -------------------  


------------------------------------------------------------------------------------------------
| User Ignored Path Table
| -----------------------
------------------------------------------------------------------------------------------------

Path Group    From Clock    To Clock    
----------    ----------    --------    


------------------------------------------------------------------------------------------------
| Unconstrained Path Table
| ------------------------
------------------------------------------------------------------------------------------------

Path Group    From Clock    To Clock    
----------    ----------    --------    
(none)                                    


------------------------------------------------------------------------------------------------
| Timing Details
| --------------
------------------------------------------------------------------------------------------------


--------------------------------------------------------------------------------------
Path Group:  (none)
From Clock:  
  To Clock:  

Max Delay             2 Endpoints
Min Delay             2 Endpoints
--------------------------------------------------------------------------------------


Max Delay Paths
--------------------------------------------------------------------------------------
Slack:                    inf
  Source:                 scoresB[1]
                            (input port)
  Destination:            winner[1]
                            (output port)
  Path Group:             (none)
  Path Type:              Max at Slow Process Corner
  Data Path Delay:        9.730ns  (logic 4.565ns (46.919%)  route 5.165ns (53.081%))
  Logic Levels:           3  (IBUF=1 LUT6=1 OBUF=1)

    Location             Delay type                Incr(ns)  Path(ns)    Netlist Resource(s)
  -------------------------------------------------------------------    -------------------
    H19                                               0.000     0.000 f  scoresB[1] (IN)
                         net (fo=0)                   0.000     0.000    scoresB[1]
    H19                  IBUF (Prop_ibuf_I_O)         0.919     0.919 f  scoresB_IBUF[1]_inst/O
                         net (fo=2, routed)           1.622     2.541    scoresB_IBUF[1]
    SLICE_X113Y101       LUT6 (Prop_lut6_I2_O)        0.124     2.665 r  winner_OBUF[1]_inst_i_1/O
                         net (fo=1, routed)           3.543     6.208    winner_OBUF[1]
    T22                  OBUF (Prop_obuf_I_O)         3.522     9.730 r  winner_OBUF[1]_inst/O
                         net (fo=0)                   0.000     9.730    winner[1]
    T22                                                               r  winner[1] (OUT)
  -------------------------------------------------------------------    -------------------

Slack:                    inf
  Source:                 scoresB[1]
                            (input port)
  Destination:            winner[0]
                            (output port)
  Path Group:             (none)
  Path Type:              Max at Slow Process Corner
  Data Path Delay:        9.704ns  (logic 4.556ns (46.954%)  route 5.148ns (53.046%))
  Logic Levels:           3  (IBUF=1 LUT6=1 OBUF=1)

    Location             Delay type                Incr(ns)  Path(ns)    Netlist Resource(s)
  -------------------------------------------------------------------    -------------------
    H19                                               0.000     0.000 r  scoresB[1] (IN)
                         net (fo=0)                   0.000     0.000    scoresB[1]
    H19                  IBUF (Prop_ibuf_I_O)         0.919     0.919 r  scoresB_IBUF[1]_inst/O
                         net (fo=2, routed)           1.623     2.542    scoresB_IBUF[1]
    SLICE_X113Y101       LUT6 (Prop_lut6_I1_O)        0.124     2.666 r  winner_OBUF[0]_inst_i_1/O
                         net (fo=1, routed)           3.525     6.190    winner_OBUF[0]
    T21                  OBUF (Prop_obuf_I_O)         3.514     9.704 r  winner_OBUF[0]_inst/O
                         net (fo=0)                   0.000     9.704    winner[0]
    T21                                                               r  winner[0] (OUT)
  -------------------------------------------------------------------    -------------------





Min Delay Paths
--------------------------------------------------------------------------------------
Slack:                    inf
  Source:                 scoresA[2]
                            (input port)
  Destination:            winner[0]
                            (output port)
  Path Group:             (none)
  Path Type:              Min at Fast Process Corner
  Data Path Delay:        2.905ns  (logic 1.430ns (49.219%)  route 1.475ns (50.781%))
  Logic Levels:           3  (IBUF=1 LUT6=1 OBUF=1)

    Location             Delay type                Incr(ns)  Path(ns)    Netlist Resource(s)
  -------------------------------------------------------------------    -------------------
    H22                                               0.000     0.000 f  scoresA[2] (IN)
                         net (fo=0)                   0.000     0.000    scoresA[2]
    H22                  IBUF (Prop_ibuf_I_O)         0.170     0.170 f  scoresA_IBUF[2]_inst/O
                         net (fo=2, routed)           0.347     0.518    scoresA_IBUF[2]
    SLICE_X113Y101       LUT6 (Prop_lut6_I4_O)        0.045     0.563 r  winner_OBUF[0]_inst_i_1/O
                         net (fo=1, routed)           1.128     1.690    winner_OBUF[0]
    T21                  OBUF (Prop_obuf_I_O)         1.215     2.905 r  winner_OBUF[0]_inst/O
                         net (fo=0)                   0.000     2.905    winner[0]
    T21                                                               r  winner[0] (OUT)
  -------------------------------------------------------------------    -------------------

Slack:                    inf
  Source:                 scoresA[2]
                            (input port)
  Destination:            winner[1]
                            (output port)
  Path Group:             (none)
  Path Type:              Min at Fast Process Corner
  Data Path Delay:        2.925ns  (logic 1.438ns (49.181%)  route 1.486ns (50.819%))
  Logic Levels:           3  (IBUF=1 LUT6=1 OBUF=1)

    Location             Delay type                Incr(ns)  Path(ns)    Netlist Resource(s)
  -------------------------------------------------------------------    -------------------
    H22                                               0.000     0.000 r  scoresA[2] (IN)
                         net (fo=0)                   0.000     0.000    scoresA[2]
    H22                  IBUF (Prop_ibuf_I_O)         0.170     0.170 r  scoresA_IBUF[2]_inst/O
                         net (fo=2, routed)           0.346     0.517    scoresA_IBUF[2]
    SLICE_X113Y101       LUT6 (Prop_lut6_I5_O)        0.045     0.562 r  winner_OBUF[1]_inst_i_1/O
                         net (fo=1, routed)           1.140     1.701    winner_OBUF[1]
    T22                  OBUF (Prop_obuf_I_O)         1.223     2.925 r  winner_OBUF[1]_inst/O
                         net (fo=0)                   0.000     2.925    winner[1]
    T22                                                               r  winner[1] (OUT)
  -------------------------------------------------------------------    -------------------





